Using pre-set license
Built from '2020.3/release' branch; Version is '2020.3.27f1 (e759542391ea) revision 15161684'; Using compiler version '192528614'; Build Type 'Release'
OS: 'Windows 10  (10.0.19044) 64bit Core' Language: 'ru' Physical Memory: 32716 MB
BatchMode: 1, IsHumanControllingUs: 0, StartBugReporterOnCrash: 0, Is64bit: 1, IsPro: 0

COMMAND LINE ARGUMENTS:
D:\UnityHub\2020.3.27f1\Editor\Unity.exe
-adb2
-batchMode
-noUpm
-name
AssetImportWorker0
-projectPath
C:/Project_Games/My project
-logFile
Logs/AssetImportWorker0.log
-srvPort
55025
Successfully changed project path to: C:/Project_Games/My project
C:/Project_Games/My project
Using Asset Import Pipeline V2.
Refreshing native plugins compatible for Editor in 30.98 ms, found 2 plugins.
Preloading 0 native plugins for Editor in 0.00 ms.
Initialize engine version: 2020.3.27f1 (e759542391ea)
[Subsystems] Discovering subsystems at path D:/UnityHub/2020.3.27f1/Editor/Data/Resources/UnitySubsystems
[Subsystems] Discovering subsystems at path C:/Project_Games/My project/Assets
GfxDevice: creating device client; threaded=0
Direct3D:
    Version:  Direct3D 11.0 [level 11.1]
    Renderer: NVIDIA GeForce GTX 1050 Ti (ID=0x1c82)
    Vendor:   
    VRAM:     4017 MB
    Driver:   31.0.15.2756
Initialize mono
Mono path[0] = 'D:/UnityHub/2020.3.27f1/Editor/Data/Managed'
Mono path[1] = 'D:/UnityHub/2020.3.27f1/Editor/Data/MonoBleedingEdge/lib/mono/unityjit'
Mono config path = 'D:/UnityHub/2020.3.27f1/Editor/Data/MonoBleedingEdge/etc'
Using monoOptions --debugger-agent=transport=dt_socket,embedding=1,server=y,suspend=n,address=127.0.0.1:56872
Begin MonoManager ReloadAssembly
Registering precompiled unity dll's ...
Register platform support module: D:/UnityHub/2020.3.27f1/Editor/Data/PlaybackEngines/WebGLSupport/UnityEditor.WebGL.Extensions.dll
Register platform support module: D:/UnityHub/2020.3.27f1/Editor/Data/PlaybackEngines/WindowsStandaloneSupport/UnityEditor.WindowsStandalone.Extensions.dll
Registered in 0.001261 seconds.
Native extension for WindowsStandalone target not found
Native extension for WebGL target not found
Refreshing native plugins compatible for Editor in 28.83 ms, found 2 plugins.
Preloading 0 native plugins for Editor in 0.00 ms.
Mono: successfully reloaded assembly
- Completed reload, in  0.478 seconds
Domain Reload Profiling:
	ReloadAssembly (478ms)
		BeginReloadAssembly (56ms)
			ExecutionOrderSort (0ms)
			DisableScriptedObjects (0ms)
			BackupInstance (0ms)
			ReleaseScriptingObjects (0ms)
			CreateAndSetChildDomain (1ms)
		EndReloadAssembly (366ms)
			LoadAssemblies (56ms)
			RebuildTransferFunctionScriptingTraits (0ms)
			SetupTypeCache (131ms)
			ReleaseScriptCaches (0ms)
			RebuildScriptCaches (24ms)
			SetupLoadedEditorAssemblies (131ms)
				LogAssemblyErrors (0ms)
				InitializePlatformSupportModulesInManaged (4ms)
				SetLoadedEditorAssemblies (0ms)
				RefreshPlugins (29ms)
				BeforeProcessingInitializeOnLoad (11ms)
				ProcessInitializeOnLoadAttributes (65ms)
				ProcessInitializeOnLoadMethodAttributes (21ms)
				AfterProcessingInitializeOnLoad (0ms)
				EditorAssembliesLoaded (0ms)
			ExecutionOrderSort2 (0ms)
			AwakeInstancesAfterBackupRestoration (0ms)
Platform modules already initialized, skipping
Registering precompiled user dll's ...
Registered in 0.004433 seconds.
Begin MonoManager ReloadAssembly
Native extension for WindowsStandalone target not found
Native extension for WebGL target not found
Refreshing native plugins compatible for Editor in 0.37 ms, found 2 plugins.
Preloading 0 native plugins for Editor in 0.00 ms.
Mono: successfully reloaded assembly
- Completed reload, in  0.834 seconds
Domain Reload Profiling:
	ReloadAssembly (835ms)
		BeginReloadAssembly (128ms)
			ExecutionOrderSort (0ms)
			DisableScriptedObjects (4ms)
			BackupInstance (0ms)
			ReleaseScriptingObjects (0ms)
			CreateAndSetChildDomain (16ms)
		EndReloadAssembly (660ms)
			LoadAssemblies (83ms)
			RebuildTransferFunctionScriptingTraits (0ms)
			SetupTypeCache (230ms)
			ReleaseScriptCaches (0ms)
			RebuildScriptCaches (39ms)
			SetupLoadedEditorAssemblies (249ms)
				LogAssemblyErrors (0ms)
				InitializePlatformSupportModulesInManaged (4ms)
				SetLoadedEditorAssemblies (0ms)
				RefreshPlugins (0ms)
				BeforeProcessingInitializeOnLoad (63ms)
				ProcessInitializeOnLoadAttributes (172ms)
				ProcessInitializeOnLoadMethodAttributes (7ms)
				AfterProcessingInitializeOnLoad (2ms)
				EditorAssembliesLoaded (0ms)
			ExecutionOrderSort2 (0ms)
			AwakeInstancesAfterBackupRestoration (5ms)
Platform modules already initialized, skipping
========================================================================
Worker process is ready to serve import requests
Launched and connected shader compiler UnityShaderCompiler.exe after 0.03 seconds
Refreshing native plugins compatible for Editor in 0.62 ms, found 2 plugins.
Preloading 0 native plugins for Editor in 0.00 ms.
Unloading 1655 Unused Serialized files (Serialized files now loaded: 0)
System memory in use before: 79.7 MB.
System memory in use after: 79.8 MB.

Unloading 20 unused Assets to reduce memory usage. Loaded Objects now: 2101.
Total: 3.661500 ms (FindLiveObjects: 0.236900 ms CreateObjectMapping: 0.098300 ms MarkObjects: 3.266800 ms  DeleteObjects: 0.058500 ms)

AssetImportParameters requested are different than current active one (requested -> active):
  custom:framework-win-MediaFoundation: 216162199b28c13a410421893ffa2e32 -> 
  custom:video-decoder-ogg-theora: a1e56fd34408186e4bbccfd4996cb3dc -> 
  custom:container-muxer-webm: aa71ff27fc2769a1b78a27578f13a17b -> 
  custom:container-demuxer-webm: 4f35f7cbe854078d1ac9338744f61a02 -> 
  custom:container-demuxer-ogg: 62fdf1f143b41e24485cea50d1cbac27 -> 
  custom:video-encoder-webm-vp8: eb34c28f22e8b96e1ab97ce403110664 -> 
  custom:video-decoder-webm-vp8: 9c59270c3fd7afecdb556c50c9e8de78 -> 
  custom:audio-decoder-ogg-vorbis: bf7c407c2cedff20999df2af8eb42d56 -> 
  custom:audio-encoder-webm-vorbis: bf7c407c2cedff20999df2af8eb42d56 -> 
========================================================================
Received Import Request.
  path: Assets/Prefab/Cube.prefab
  artifactKey: Guid(8b32b2e7e720e8846be6813b5235baf4) Importer(815301076,1909f56bfc062723c751e8b465ee728b)
Start importing Assets/Prefab/Cube.prefab using Guid(8b32b2e7e720e8846be6813b5235baf4) Importer(815301076,1909f56bfc062723c751e8b465ee728b)  -> (artifact id: '167a6d24b77e67ac5423175649bc75a8') in 0.098492 seconds 
  Import took 0.101181 seconds .

========================================================================
Received Import Request.
  Time since last request: 30.545910 seconds.
  path: Assets/Prefab/RTI_Blue.prefab
  artifactKey: Guid(bceca6fc2ec50a34ea8f99ba36890e68) Importer(815301076,1909f56bfc062723c751e8b465ee728b)
Start importing Assets/Prefab/RTI_Blue.prefab using Guid(bceca6fc2ec50a34ea8f99ba36890e68) Importer(815301076,1909f56bfc062723c751e8b465ee728b)  -> (artifact id: 'cd0f9d2e5a81b856e311e6a7b9747235') in 0.025014 seconds 
  Import took 0.027771 seconds .

========================================================================
Received Import Request.
  Time since last request: 27.967334 seconds.
  path: Assets/BarrierPack
  artifactKey: Guid(2ab79242d6d4fa8428f664af43503fd5) Importer(815301076,1909f56bfc062723c751e8b465ee728b)
Start importing Assets/BarrierPack using Guid(2ab79242d6d4fa8428f664af43503fd5) Importer(815301076,1909f56bfc062723c751e8b465ee728b)  -> (artifact id: '58ab850af54e3da4f773e201aa2957e2') in 0.006694 seconds 
  Import took 0.009125 seconds .

========================================================================
Received Import Request.
  Time since last request: 6.160773 seconds.
  path: Assets/Material/Green.mat
  artifactKey: Guid(238abd7236e3a0848a37f83aa7b87dce) Importer(815301076,1909f56bfc062723c751e8b465ee728b)
Start importing Assets/Material/Green.mat using Guid(238abd7236e3a0848a37f83aa7b87dce) Importer(815301076,1909f56bfc062723c751e8b465ee728b)  -> (artifact id: 'd5c1bf8136896c8d4bdf3ec2390f54e6') in 0.024772 seconds 
  Import took 0.027293 seconds .

========================================================================
Received Import Request.
  Time since last request: 6.448526 seconds.
  path: Assets/SimpleNaturePack
  artifactKey: Guid(223e6dcf26688184aa67421c85bf5942) Importer(815301076,1909f56bfc062723c751e8b465ee728b)
Start importing Assets/SimpleNaturePack using Guid(223e6dcf26688184aa67421c85bf5942) Importer(815301076,1909f56bfc062723c751e8b465ee728b)  -> (artifact id: 'c4ffc24973247df49d9dba910b769194') in 0.006673 seconds 
  Import took 0.009139 seconds .

========================================================================
Received Import Request.
  Time since last request: 2.234146 seconds.
  path: Assets/SimpleNaturePack/Materials
  artifactKey: Guid(3f25702c5c7afec41b85b074bf76e4a4) Importer(815301076,1909f56bfc062723c751e8b465ee728b)
Start importing Assets/SimpleNaturePack/Materials using Guid(3f25702c5c7afec41b85b074bf76e4a4) Importer(815301076,1909f56bfc062723c751e8b465ee728b)  -> (artifact id: '1fa16baa5f52896da1784257f7bdc8f5') in 0.006075 seconds 
  Import took 0.008561 seconds .

========================================================================
Received Import Request.
  Time since last request: 4.380765 seconds.
  path: Assets/SimpleNaturePack/Models
  artifactKey: Guid(f2460ba6bbb1eee41b63499dcba676dc) Importer(815301076,1909f56bfc062723c751e8b465ee728b)
Start importing Assets/SimpleNaturePack/Models using Guid(f2460ba6bbb1eee41b63499dcba676dc) Importer(815301076,1909f56bfc062723c751e8b465ee728b)  -> (artifact id: '1ce4a79d7ca93a527dae89e3f40e776b') in 0.005953 seconds 
  Import took 0.008380 seconds .

========================================================================
Received Import Request.
  Time since last request: 10.156735 seconds.
  path: Assets/Streets
  artifactKey: Guid(83512a47401062b4cbcc503b48ccb510) Importer(815301076,1909f56bfc062723c751e8b465ee728b)
Start importing Assets/Streets using Guid(83512a47401062b4cbcc503b48ccb510) Importer(815301076,1909f56bfc062723c751e8b465ee728b)  -> (artifact id: 'bc8a2180334a9ade6e612cfa6dd0768a') in 0.006189 seconds 
  Import took 0.008821 seconds .

========================================================================
Received Import Request.
  Time since last request: 5.162277 seconds.
  path: Assets/STYLIZED - FREE Drift Car
  artifactKey: Guid(71bffa7afd7ba364e9d8f51b51c54d77) Importer(815301076,1909f56bfc062723c751e8b465ee728b)
Start importing Assets/STYLIZED - FREE Drift Car using Guid(71bffa7afd7ba364e9d8f51b51c54d77) Importer(815301076,1909f56bfc062723c751e8b465ee728b)  -> (artifact id: 'e918b511f9291bd5def29464e779c5cf') in 0.005921 seconds 
  Import took 0.008530 seconds .

========================================================================
Received Import Request.
  Time since last request: 1.966037 seconds.
  path: Assets/STYLIZED - FREE Drift Car/Prefabs
  artifactKey: Guid(24e2d3e15e9e26449b82eb76ceaff22c) Importer(815301076,1909f56bfc062723c751e8b465ee728b)
Start importing Assets/STYLIZED - FREE Drift Car/Prefabs using Guid(24e2d3e15e9e26449b82eb76ceaff22c) Importer(815301076,1909f56bfc062723c751e8b465ee728b)  -> (artifact id: 'f83c522a66aff07f8c4ae125a10d0919') in 0.006059 seconds 
  Import took 0.008431 seconds .

========================================================================
Received Import Request.
  Time since last request: 1.322183 seconds.
  path: Assets/STYLIZED - FREE Drift Car/Prefabs/RTI
  artifactKey: Guid(a22597bc5b633f842a5d71f59001ad66) Importer(815301076,1909f56bfc062723c751e8b465ee728b)
Start importing Assets/STYLIZED - FREE Drift Car/Prefabs/RTI using Guid(a22597bc5b633f842a5d71f59001ad66) Importer(815301076,1909f56bfc062723c751e8b465ee728b)  -> (artifact id: '2cae5164c73e7d8ff539f0d6beabe437') in 0.006072 seconds 
  Import took 0.008438 seconds .

========================================================================
Received Import Request.
  Time since last request: 0.068725 seconds.
  path: Assets/STYLIZED - FREE Drift Car/Prefabs/RTI/RTI_Blue.prefab
  artifactKey: Guid(9d71ac273b96d3a4dad4d3d045e12374) Importer(815301076,1909f56bfc062723c751e8b465ee728b)
Start importing Assets/STYLIZED - FREE Drift Car/Prefabs/RTI/RTI_Blue.prefab using Guid(9d71ac273b96d3a4dad4d3d045e12374) Importer(815301076,1909f56bfc062723c751e8b465ee728b)  -> (artifact id: 'd90d526607a5848d0917b63a8c7c6157') in 0.014707 seconds 
  Import took 0.017231 seconds .

========================================================================
Received Import Request.
  Time since last request: 0.000131 seconds.
  path: Assets/STYLIZED - FREE Drift Car/Prefabs/RTI/RTI_Midnight.prefab
  artifactKey: Guid(c2122042d3617904387e81f77f9d136b) Importer(815301076,1909f56bfc062723c751e8b465ee728b)
Start importing Assets/STYLIZED - FREE Drift Car/Prefabs/RTI/RTI_Midnight.prefab using Guid(c2122042d3617904387e81f77f9d136b) Importer(815301076,1909f56bfc062723c751e8b465ee728b)  -> (artifact id: 'f32fbd671af33b7554ec54d15122452c') in 0.024417 seconds 
  Import took 0.026636 seconds .

========================================================================
Received Import Request.
  Time since last request: 0.000161 seconds.
  path: Assets/STYLIZED - FREE Drift Car/Prefabs/RTI/RTI_Yellow.prefab
  artifactKey: Guid(1e45980f21c0609498b024a56b2d836e) Importer(815301076,1909f56bfc062723c751e8b465ee728b)
Start importing Assets/STYLIZED - FREE Drift Car/Prefabs/RTI/RTI_Yellow.prefab using Guid(1e45980f21c0609498b024a56b2d836e) Importer(815301076,1909f56bfc062723c751e8b465ee728b)  -> (artifact id: 'b40de46364a3e3a076367ed41924e398') in 0.027545 seconds 
  Import took 0.029757 seconds .

========================================================================
Received Import Request.
  Time since last request: 0.000173 seconds.
  path: Assets/STYLIZED - FREE Drift Car/Prefabs/RTI/RTI_Gray.prefab
  artifactKey: Guid(4451c7d9583da4941901eaa5cfaee8ef) Importer(815301076,1909f56bfc062723c751e8b465ee728b)
Start importing Assets/STYLIZED - FREE Drift Car/Prefabs/RTI/RTI_Gray.prefab using Guid(4451c7d9583da4941901eaa5cfaee8ef) Importer(815301076,1909f56bfc062723c751e8b465ee728b)  -> (artifact id: 'bf9e52dcfc92325402396006b5504bd4') in 0.019991 seconds 
  Import took 0.022440 seconds .

========================================================================
Received Import Request.
  Time since last request: 0.000164 seconds.
  path: Assets/STYLIZED - FREE Drift Car/Prefabs/RTI/RTI_Red.prefab
  artifactKey: Guid(9b0dd12705317ed4e97c9b8ec0575948) Importer(815301076,1909f56bfc062723c751e8b465ee728b)
Start importing Assets/STYLIZED - FREE Drift Car/Prefabs/RTI/RTI_Red.prefab using Guid(9b0dd12705317ed4e97c9b8ec0575948) Importer(815301076,1909f56bfc062723c751e8b465ee728b)  -> (artifact id: '0a683bbbcab8c0913e603bbd32069bf8') in 0.021467 seconds 
  Import took 0.023713 seconds .

========================================================================
Received Import Request.
  Time since last request: 0.000136 seconds.
  path: Assets/STYLIZED - FREE Drift Car/Prefabs/RTI/RTI_Orange.prefab
  artifactKey: Guid(103c636634d3cbb48b7ab43e78bc13b2) Importer(815301076,1909f56bfc062723c751e8b465ee728b)
Start importing Assets/STYLIZED - FREE Drift Car/Prefabs/RTI/RTI_Orange.prefab using Guid(103c636634d3cbb48b7ab43e78bc13b2) Importer(815301076,1909f56bfc062723c751e8b465ee728b)  -> (artifact id: 'a3e0ea8e3a98ef50d225c50f21e92272') in 0.022685 seconds 
  Import took 0.025544 seconds .

========================================================================
Received Prepare
Registering precompiled user dll's ...
Registered in 0.004152 seconds.
Begin MonoManager ReloadAssembly
Native extension for WindowsStandalone target not found
Native extension for WebGL target not found
Refreshing native plugins compatible for Editor in 0.40 ms, found 2 plugins.
Preloading 0 native plugins for Editor in 0.00 ms.
Mono: successfully reloaded assembly
- Completed reload, in  0.774 seconds
Domain Reload Profiling:
	ReloadAssembly (774ms)
		BeginReloadAssembly (102ms)
			ExecutionOrderSort (0ms)
			DisableScriptedObjects (3ms)
			BackupInstance (0ms)
			ReleaseScriptingObjects (0ms)
			CreateAndSetChildDomain (27ms)
		EndReloadAssembly (623ms)
			LoadAssemblies (80ms)
			RebuildTransferFunctionScriptingTraits (0ms)
			SetupTypeCache (221ms)
			ReleaseScriptCaches (1ms)
			RebuildScriptCaches (32ms)
			SetupLoadedEditorAssemblies (228ms)
				LogAssemblyErrors (0ms)
				InitializePlatformSupportModulesInManaged (4ms)
				SetLoadedEditorAssemblies (0ms)
				RefreshPlugins (0ms)
				BeforeProcessingInitializeOnLoad (55ms)
				ProcessInitializeOnLoadAttributes (160ms)
				ProcessInitializeOnLoadMethodAttributes (6ms)
				AfterProcessingInitializeOnLoad (2ms)
				EditorAssembliesLoaded (0ms)
			ExecutionOrderSort2 (0ms)
			AwakeInstancesAfterBackupRestoration (5ms)
Platform modules already initialized, skipping
Refreshing native plugins compatible for Editor in 0.44 ms, found 2 plugins.
Preloading 0 native plugins for Editor in 0.00 ms.
Unloading 1647 Unused Serialized files (Serialized files now loaded: 0)
System memory in use before: 82.8 MB.
System memory in use after: 82.9 MB.

Unloading 15 unused Assets to reduce memory usage. Loaded Objects now: 2144.
Total: 2.719400 ms (FindLiveObjects: 0.122100 ms CreateObjectMapping: 0.041400 ms MarkObjects: 2.539700 ms  DeleteObjects: 0.014700 ms)

AssetImportParameters requested are different than current active one (requested -> active):
  custom:framework-win-MediaFoundation: 216162199b28c13a410421893ffa2e32 -> 
  custom:video-decoder-ogg-theora: a1e56fd34408186e4bbccfd4996cb3dc -> 
  custom:container-muxer-webm: aa71ff27fc2769a1b78a27578f13a17b -> 
  custom:container-demuxer-webm: 4f35f7cbe854078d1ac9338744f61a02 -> 
  custom:container-demuxer-ogg: 62fdf1f143b41e24485cea50d1cbac27 -> 
  custom:video-encoder-webm-vp8: eb34c28f22e8b96e1ab97ce403110664 -> 
  custom:video-decoder-webm-vp8: 9c59270c3fd7afecdb556c50c9e8de78 -> 
  custom:audio-decoder-ogg-vorbis: bf7c407c2cedff20999df2af8eb42d56 -> 
  custom:audio-encoder-webm-vorbis: bf7c407c2cedff20999df2af8eb42d56 -> 
AssetImportWorkerClient::OnTransportError - code=2 error=End of file
